Determining if the pthread_create exist failed with the following output:
Change Dir: /home/ros/Code/Demo_ws/src/build/CMakeFiles/CMakeTmp

Run Build Command:"/usr/bin/make" "cmTC_cb014/fast"
/usr/bin/make -f CMakeFiles/cmTC_cb014.dir/build.make CMakeFiles/cmTC_cb014.dir/build
make[1]: 进入目录“/home/ros/Code/Demo_ws/src/build/CMakeFiles/CMakeTmp”
Building C object CMakeFiles/cmTC_cb014.dir/CheckSymbolExists.c.o
/usr/bin/gcc    -o CMakeFiles/cmTC_cb014.dir/CheckSymbolExists.c.o   -c /home/ros/Code/Demo_ws/src/build/CMakeFiles/CMakeTmp/CheckSymbolExists.c
Linking C executable cmTC_cb014
/usr/bin/cmake -E cmake_link_script CMakeFiles/cmTC_cb014.dir/link.txt --verbose=1
/usr/bin/gcc      -rdynamic CMakeFiles/cmTC_cb014.dir/CheckSymbolExists.c.o  -o cmTC_cb014 
CMakeFiles/cmTC_cb014.dir/CheckSymbolExists.c.o：在函数‘main’中：
CheckSymbolExists.c:(.text+0x1b)：对‘pthread_create’未定义的引用
collect2: error: ld returned 1 exit status
CMakeFiles/cmTC_cb014.dir/build.make:97: recipe for target 'cmTC_cb014' failed
make[1]: *** [cmTC_cb014] Error 1
make[1]: 离开目录“/home/ros/Code/Demo_ws/src/build/CMakeFiles/CMakeTmp”
Makefile:126: recipe for target 'cmTC_cb014/fast' failed
make: *** [cmTC_cb014/fast] Error 2

File /home/ros/Code/Demo_ws/src/build/CMakeFiles/CMakeTmp/CheckSymbolExists.c:
/* */
#include <pthread.h>

int main(int argc, char** argv)
{
  (void)argv;
#ifndef pthread_create
  return ((int*)(&pthread_create))[argc];
#else
  (void)argc;
  return 0;
#endif
}

Determining if the function pthread_create exists in the pthreads failed with the following output:
Change Dir: /home/ros/Code/Demo_ws/src/build/CMakeFiles/CMakeTmp

Run Build Command:"/usr/bin/make" "cmTC_b30d3/fast"
/usr/bin/make -f CMakeFiles/cmTC_b30d3.dir/build.make CMakeFiles/cmTC_b30d3.dir/build
make[1]: 进入目录“/home/ros/Code/Demo_ws/src/build/CMakeFiles/CMakeTmp”
Building C object CMakeFiles/cmTC_b30d3.dir/CheckFunctionExists.c.o
/usr/bin/gcc   -DCHECK_FUNCTION_EXISTS=pthread_create   -o CMakeFiles/cmTC_b30d3.dir/CheckFunctionExists.c.o   -c /usr/share/cmake-3.10/Modules/CheckFunctionExists.c
Linking C executable cmTC_b30d3
/usr/bin/cmake -E cmake_link_script CMakeFiles/cmTC_b30d3.dir/link.txt --verbose=1
/usr/bin/gcc  -DCHECK_FUNCTION_EXISTS=pthread_create    -rdynamic CMakeFiles/cmTC_b30d3.dir/CheckFunctionExists.c.o  -o cmTC_b30d3 -lpthreads 
/usr/bin/ld: 找不到 -lpthreads
collect2: error: ld returned 1 exit status
CMakeFiles/cmTC_b30d3.dir/build.make:97: recipe for target 'cmTC_b30d3' failed
make[1]: *** [cmTC_b30d3] Error 1
make[1]: 离开目录“/home/ros/Code/Demo_ws/src/build/CMakeFiles/CMakeTmp”
Makefile:126: recipe for target 'cmTC_b30d3/fast' failed
make: *** [cmTC_b30d3/fast] Error 2


Determining if the include file pgm.h exists failed with the following output:
Change Dir: /home/ros/Code/Demo_ws/src/build/CMakeFiles/CMakeTmp

Run Build Command:"/usr/bin/make" "cmTC_4bd67/fast"
/usr/bin/make -f CMakeFiles/cmTC_4bd67.dir/build.make CMakeFiles/cmTC_4bd67.dir/build
make[1]: 进入目录“/home/ros/Code/Demo_ws/src/build/CMakeFiles/CMakeTmp”
Building CXX object CMakeFiles/cmTC_4bd67.dir/CheckIncludeFile.cxx.o
/usr/bin/g++     -o CMakeFiles/cmTC_4bd67.dir/CheckIncludeFile.cxx.o -c /home/ros/Code/Demo_ws/src/build/CMakeFiles/CMakeTmp/CheckIncludeFile.cxx
/home/ros/Code/Demo_ws/src/build/CMakeFiles/CMakeTmp/CheckIncludeFile.cxx:1:10: fatal error: pgm.h: 没有那个文件或目录
 #include <pgm.h>
          ^~~~~~~
compilation terminated.
CMakeFiles/cmTC_4bd67.dir/build.make:65: recipe for target 'CMakeFiles/cmTC_4bd67.dir/CheckIncludeFile.cxx.o' failed
make[1]: *** [CMakeFiles/cmTC_4bd67.dir/CheckIncludeFile.cxx.o] Error 1
make[1]: 离开目录“/home/ros/Code/Demo_ws/src/build/CMakeFiles/CMakeTmp”
Makefile:126: recipe for target 'cmTC_4bd67/fast' failed
make: *** [cmTC_4bd67/fast] Error 2


